<?xml version="1.0" encoding="UTF-8"?>
<testng-results ignored="0" total="1" passed="1" failed="0" skipped="0">
  <reporter-output>
  </reporter-output>
  <suite started-at="2024-09-26T05:50:30Z" name="Default suite" finished-at="2024-09-26T05:51:00Z" duration-ms="29907">
    <groups>
    </groups>
    <test started-at="2024-09-26T05:50:30Z" name="Default test" finished-at="2024-09-26T05:51:00Z" duration-ms="29907">
      <class name="com.qa.test.login">
        <test-method signature="logintest()[pri:0, instance:com.qa.test.login@67545b57]" started-at="2024-09-26T05:50:30Z" name="logintest" finished-at="2024-09-26T05:51:00Z" duration-ms="29870" status="PASS">
          <reporter-output>
          </reporter-output>
        </test-method> <!-- logintest -->
      </class> <!-- com.qa.test.login -->
    </test> <!-- Default test -->
  </suite> <!-- Default suite -->
</testng-results>
